[13:47:09] [ServerMain/INFO]: Building unoptimized datafixer
[13:47:10] [ServerMain/INFO]: Environment: authHost='https://authserver.mojang.com', accountsHost='https://api.mojang.com', sessionHost='https://sessionserver.mojang.com', servicesHost='https://api.minecraftservices.com', name='PROD'
[13:47:11] [ServerMain/INFO]: Loaded 7 recipes
[13:47:12] [Server thread/INFO]: Starting minecraft server version 1.19
[13:47:12] [Server thread/INFO]: Loading properties
[13:47:12] [Server thread/INFO]: This server is running Paper version git-Paper-81 (MC: 1.19) (Implementing API version 1.19-R0.1-SNAPSHOT) (Git: 86f87ba)
[13:47:13] [Server thread/INFO]: Server Ping Player Sample Count: 12
[13:47:13] [Server thread/INFO]: Using 4 threads for Netty based IO
[13:47:13] [Server thread/INFO]: Default game type: SURVIVAL
[13:47:13] [Server thread/INFO]: Generating keypair
[13:47:13] [Server thread/INFO]: Starting Minecraft server on *:25565
[13:47:13] [Server thread/INFO]: Using epoll channel type
[13:47:13] [Server thread/INFO]: Paper: Using libdeflate (Linux x86_64) compression from Velocity.
[13:47:13] [Server thread/INFO]: Paper: Using OpenSSL 1.1.x (Linux x86_64) cipher from Velocity.
[13:47:14] [Server thread/INFO]: [ViaVersion] Loading ViaVersion v5.0.2
[13:47:14] [Server thread/INFO]: [ViaVersion] ViaVersion 5.0.2 is now loaded. Registering protocol transformers and injecting...
[13:47:15] [Via-Mappingloader-0/INFO]: [ViaVersion] Loading block connection mappings ...
[13:47:15] [Via-Mappingloader-0/INFO]: [ViaVersion] Using FastUtil Long2ObjectOpenHashMap for block connections
[13:47:15] [Server thread/INFO]: [Essentials] Loading Essentials v2.21.0-dev+102-fcf6e64
[13:47:15] [Server thread/INFO]: [floodgate] Loading floodgate v2.2.3-SNAPSHOT (b109-49bd564)
[13:47:15] [Server thread/WARN]: [floodgate] en_ is not a supported Floodgate language.
[13:47:15] [Server thread/INFO]: [floodgate] Took 618ms to boot Floodgate
[13:47:15] [Server thread/INFO]: [Geyser-Spigot] Loading Geyser-Spigot v2.4.0-SNAPSHOT
[13:47:15] [Server thread/WARN]: [Geyser-Spigot] Missing locale: en_
[13:47:16] [Server thread/INFO]: [Geyser-Spigot] Loading extensions...
[13:47:16] [Server thread/INFO]: [Geyser-Spigot] Loaded 0 extension(s)
[13:47:16] [Server thread/INFO]: Server permissions file permissions.yml is empty, ignoring it
[13:47:16] [Server thread/WARN]: **** SERVER IS RUNNING IN OFFLINE/INSECURE MODE!
[13:47:16] [Server thread/WARN]: The server will make no attempt to authenticate usernames. Beware.
[13:47:16] [Server thread/WARN]: While this makes the game possible to play without internet access, it also opens up the ability for hackers to connect with any username they choose.
[13:47:16] [Server thread/WARN]: To change this, set "online-mode" to "true" in the server.properties file.
[13:47:16] [Server thread/INFO]: Preparing level "world"
[13:47:31] [Server thread/INFO]: Preparing start region for dimension minecraft:overworld
[13:47:31] [Server thread/INFO]: Time elapsed: 293 ms
[13:47:31] [Server thread/INFO]: Preparing start region for dimension minecraft:the_nether
[13:47:31] [Server thread/INFO]: Time elapsed: 103 ms
[13:47:31] [Server thread/INFO]: Preparing start region for dimension minecraft:the_end
[13:47:31] [Server thread/INFO]: Time elapsed: 119 ms
[13:47:31] [Server thread/INFO]: [ViaVersion] Enabling ViaVersion v5.0.2
[13:47:31] [Server thread/INFO]: [ViaVersion] ViaVersion detected server version: 1.19 (759)
[13:47:31] [Server thread/INFO]: [Essentials] Enabling Essentials v2.21.0-dev+102-fcf6e64
[13:47:32] [Server thread/ERROR]: [Essentials] You are running an unsupported server version!
[13:47:32] [Server thread/INFO]: [Essentials] Attempting to convert old kits in config.yml to new kits.yml
[13:47:32] [Server thread/INFO]: [Essentials] No kits found to migrate.
[13:47:33] [Server thread/INFO]: [Essentials] Loaded 42679 items from items.json.
[13:47:33] [Server thread/INFO]: [Essentials] Using locale en
[13:47:33] [Server thread/INFO]: [Essentials] ServerListPingEvent: Spigot iterator API
[13:47:33] [Server thread/INFO]: [Essentials] Starting Metrics. Opt-out using the global bStats config.
[13:47:33] [Server thread/INFO]: [Essentials] Using superperms-based permissions.
[13:47:33] [Server thread/INFO]: [floodgate] Enabling floodgate v2.2.3-SNAPSHOT (b109-49bd564)
[13:47:33] [Server thread/INFO]: [Geyser-Spigot] Enabling Geyser-Spigot v2.4.0-SNAPSHOT
[13:47:33] [Server thread/INFO]: [Geyser-Spigot] ******************************************
[13:47:33] [Server thread/INFO]: [Geyser-Spigot] 
[13:47:33] [Server thread/INFO]: [Geyser-Spigot] Loading Geyser version 2.4.0-b598 (git-master-7fdb410)
[13:47:33] [Server thread/INFO]: [Geyser-Spigot] 
[13:47:33] [Server thread/INFO]: [Geyser-Spigot] ******************************************
[13:47:37] [epollEventLoopGroup-3-1/INFO]: [Geyser-Spigot] Started Geyser on 0.0.0.0:3305
[13:47:37] [Server thread/INFO]: [Geyser-Spigot] Done (3.178s)! Run /geyser help for help!
[13:47:37] [Server thread/INFO]: Running delayed init tasks
[13:47:37] [Server thread/INFO]: Done (24.298s)! For help, type "help"
[13:47:37] [Server thread/INFO]: Timings Reset
[13:47:37] [Craft Scheduler Thread - 2 - ViaVersion/INFO]: [ViaVersion] Finished mapping loading, shutting down loader executor!
[13:47:37] [Craft Scheduler Thread - 1 - Essentials/INFO]: [Essentials] Fetching version information...
[13:47:37] [Craft Scheduler Thread - 1 - Essentials/WARN]: [Essentials] You're 5 EssentialsX dev build(s) out of date!
[13:47:37] [Craft Scheduler Thread - 1 - Essentials/WARN]: [Essentials] Download it here: https://essentialsx.net/downloads.html
[13:47:53] [Server thread/INFO]: Stopping the server
[13:47:53] [Server thread/INFO]: Stopping server
[13:47:53] [Server thread/INFO]: [Geyser-Spigot] Disabling Geyser-Spigot v2.4.0-SNAPSHOT
[13:47:53] [Server thread/INFO]: [Geyser-Spigot] Shutting down Geyser.
[13:47:53] [Server thread/INFO]: [Geyser-Spigot] Geyser shutdown successfully.
[13:47:53] [Server thread/INFO]: [floodgate] Disabling floodgate v2.2.3-SNAPSHOT (b109-49bd564)
[13:47:53] [Server thread/INFO]: [Essentials] Disabling Essentials v2.21.0-dev+102-fcf6e64
[13:47:53] [Server thread/INFO]: [ViaVersion] Disabling ViaVersion v5.0.2
[13:47:53] [Server thread/INFO]: [ViaVersion] ViaVersion is disabling, if this is a reload and you experience issues consider rebooting.
[13:47:53] [Server thread/INFO]: Saving players
[13:47:53] [WebSocketConnectReadThread-78/INFO]: [Geyser-Spigot] The skin uploader has been closed
[13:47:53] [Server thread/INFO]: Saving worlds
[13:47:53] [Server thread/INFO]: Saving chunks for level 'ServerLevel[world]'/minecraft:overworld
[13:47:55] [Server thread/INFO]: Saving chunks for level 'ServerLevel[world_nether]'/minecraft:the_nether
[13:47:55] [Server thread/INFO]: Saving chunks for level 'ServerLevel[world_the_end]'/minecraft:the_end
[13:47:55] [Server thread/INFO]: ThreadedAnvilChunkStorage (world): All chunks are saved
[13:47:55] [Server thread/INFO]: ThreadedAnvilChunkStorage (DIM-1): All chunks are saved
[13:47:55] [Server thread/INFO]: ThreadedAnvilChunkStorage (DIM1): All chunks are saved
[13:47:55] [Server thread/INFO]: ThreadedAnvilChunkStorage: All dimensions are saved
[13:47:55] [Server thread/INFO]: Flushing Chunk IO
[13:47:55] [Server thread/INFO]: Closing Thread Pool
[13:47:55] [Server thread/INFO]: Closing Server
